2024/06/03 14:54:19 [notice] 84646#0: [lua] regex.lua:454: parse_regex_opts(): regex compilation cache disabled in init phase under macOS
2024/06/03 14:54:19 [notice] 84646#0: [lua] regex.lua:458: parse_regex_opts(): regex compilation disabled in init phase under macOS
2024/06/03 14:54:19 [notice] 84646#0: [lua] regex.lua:458: parse_regex_opts(): regex compilation disabled in init phase under macOS
2024/06/03 14:54:19 [notice] 84646#0: [lua] regex.lua:454: parse_regex_opts(): regex compilation cache disabled in init phase under macOS
2024/06/03 14:54:19 [notice] 84646#0: [lua] regex.lua:454: parse_regex_opts(): regex compilation cache disabled in init phase under macOS
2024/06/03 14:54:19 [notice] 84646#0: [lua] regex.lua:458: parse_regex_opts(): regex compilation disabled in init phase under macOS
2024/06/03 14:54:19 [notice] 84646#0: [lua] regex.lua:458: parse_regex_opts(): regex compilation disabled in init phase under macOS
2024/06/03 14:54:19 [notice] 84646#0: [lua] regex.lua:454: parse_regex_opts(): regex compilation cache disabled in init phase under macOS
2024/06/03 14:54:19 [notice] 84646#0: [lua] init.lua:789: init(): [request-debug] token for request debugging: eeb8f916-3965-476d-be46-71f22048dcb0
2024/06/03 14:54:19 [notice] 84646#0: using the "kqueue" event method
2024/06/03 14:54:19 [notice] 84646#0: openresty/1.25.3.1 (no pool)
2024/06/03 14:54:19 [notice] 84646#0: OS: Darwin 23.2.0
2024/06/03 14:54:19 [notice] 84646#0: hw.ncpu: 10
2024/06/03 14:54:19 [notice] 84646#0: net.inet.tcp.sendspace: 131072
2024/06/03 14:54:19 [notice] 84646#0: kern.ipc.somaxconn: 128
2024/06/03 14:54:19 [notice] 84646#0: getrlimit(RLIMIT_NOFILE): 10496:9223372036854775807
2024/06/03 14:54:19 [notice] 84674#0: start worker processes
2024/06/03 14:54:19 [notice] 84674#0: start worker process 84676
2024/06/03 14:54:19 [notice] 84674#0: start worker process 84677
2024/06/03 14:54:19 [notice] 84674#0: start worker process 84678
2024/06/03 14:54:19 [notice] 84674#0: start worker process 84679
2024/06/03 14:54:19 [notice] 84674#0: start worker process 84680
2024/06/03 14:54:19 [notice] 84674#0: start worker process 84681
2024/06/03 14:54:19 [notice] 84674#0: start worker process 84682
2024/06/03 14:54:19 [notice] 84674#0: start worker process 84683
2024/06/03 14:54:19 [notice] 84674#0: start worker process 84684
2024/06/03 14:54:19 [notice] 84674#0: start worker process 84685
2024/06/03 14:54:20 [notice] 84674#0: signal 23 (SIGIO) received from 84678
2024/06/03 14:54:20 [notice] 84674#0: signal 23 (SIGIO) received
2024/06/03 14:54:20 [notice] 84674#0: signal 23 (SIGIO) received from 84680
2024/06/03 14:54:20 [notice] 84676#0: *1 [lua] warmup.lua:113: single_dao(): Preloading 'services' into the core_cache..., context: init_worker_by_lua*
2024/06/03 14:54:20 [notice] 84676#0: *1 [lua] warmup.lua:162: single_dao(): finished preloading 'services' into the core_cache (in 0ms), context: init_worker_by_lua*
2024/06/03 14:54:20 [notice] 84674#0: signal 23 (SIGIO) received from 84683
2024/06/03 14:54:20 [notice] 84674#0: signal 23 (SIGIO) received from 84677
2024/06/03 14:54:20 [notice] 84674#0: signal 23 (SIGIO) received from 84682
2024/06/03 14:54:20 [notice] 84674#0: signal 23 (SIGIO) received from 84684
2024/06/03 14:54:20 [notice] 84674#0: signal 23 (SIGIO) received from 84681
2024/06/03 14:54:20 [notice] 84674#0: signal 23 (SIGIO) received from 84676
